Arguments: 
  C:\Program Files (x86)\nodejs\node.exe C:\Program Files (x86)\nodejs\node_modules\yarn\bin\yarn.js add axios

PATH: 
  C:\Program Files\Git\mingw64\bin;C:\Program Files\Git\usr\bin;C:\Users\xfy\bin;C:\Program Files (x86)\VMware\VMware Workstation\bin;C:\Program Files (x86)\Intel\iCLS Client;C:\Program Files\Intel\iCLS Client;C:\Windows\system32;C:\Windows;C:\Windows\System32\Wbem;C:\Windows\System32\WindowsPowerShell\v1.0;C:\Windows\System32\OpenSSH;C:\Program Files\NVIDIA Corporation\NVIDIA NvDLISR;C:\Program Files (x86)\NVIDIA Corporation\PhysX\Common;C:\Program Files (x86)\Intel\Intel(R) Management Engine Components\DAL;C:\Program Files\Intel\Intel(R) Management Engine Components\DAL;C:\Program Files (x86)\Intel\Intel(R) Management Engine Components\IPT;C:\Program Files\Intel\Intel(R) Management Engine Components\IPT;C:\Program Files (x86)\GnuPG\bin;C:\Program Files\Git\cmd;C:\Program Files (x86)\NetSarang\Xshell 7;C:\Program Files (x86)\NetSarang\Xftp 7;C:\Program Files (x86)\dotnet;C:\Program Files\dotnet;C:\Program Files (x86)\nodejs;C:\Program Files\Docker\Docker\resources\bin;C:\ProgramData\DockerDesktop\version-bin;C:\Program Files\Go\bin;C:\Users\xfy\AppData\Local\Microsoft\WindowsApps;C:\Users\xfy\AppData\Local\Programs\Microsoft VS Code\bin;C:\Program Files (x86)\Nmap;C:\Users\xfy\AppData\Roaming\npm;D:\cygwin64\bin;C:\Users\xfy\go\bin

Yarn version: 
  1.22.10

Node version: 
  16.1.0

Platform: 
  win32 ia32

Trace: 
  Error: EPERM: operation not permitted, unlink 'D:\Git\test\react-axios\node_modules\esbuild\esbuild.exe'

npm manifest: 
  {
    "version": "0.0.0",
    "scripts": {
      "dev": "vite",
      "build": "vite build",
      "serve": "vite preview"
    },
    "dependencies": {
      "react": "^17.0.0",
      "react-dom": "^17.0.0"
    },
    "devDependencies": {
      "@vitejs/plugin-react-refresh": "^1.3.1",
      "eslint": "^7.27.0",
      "eslint-config-prettier": "^8.3.0",
      "eslint-plugin-prettier": "^3.4.0",
      "eslint-plugin-react": "^7.24.0",
      "prettier": "^2.3.0",
      "vite": "^2.3.5"
    }
  }

yarn manifest: 
  No manifest

Lockfile: 
  # THIS IS AN AUTOGENERATED FILE. DO NOT EDIT THIS FILE DIRECTLY.
  # yarn lockfile v1
  
  
  "@babel/code-frame@^7.12.13":
    "integrity" "sha1-3PyCa+72XnXFDiHTg319lXmN1lg="
    "resolved" "https://r.cnpmjs.org/@babel/code-frame/download/@babel/code-frame-7.12.13.tgz"
    "version" "7.12.13"
    dependencies:
      "@babel/highlight" "^7.12.13"
  
  "@babel/code-frame@7.12.11":
    "integrity" "sha1-9K1DWqJj25NbjxDyxVLSP7cWpj8="
    "resolved" "https://r.cnpmjs.org/@babel/code-frame/download/@babel/code-frame-7.12.11.tgz"
    "version" "7.12.11"
    dependencies:
      "@babel/highlight" "^7.10.4"
  
  "@babel/compat-data@^7.14.4":
    "integrity" "sha1-RXIP4M7PP9QgGeHRLMPSf63JjVg="
    "resolved" "https://r.cnpmjs.org/@babel/compat-data/download/@babel/compat-data-7.14.4.tgz"
    "version" "7.14.4"
  
  "@babel/core@^7.0.0", "@babel/core@^7.0.0-0", "@babel/core@^7.12.13":
    "integrity" "sha1-U5XjBAXwd2Bn+9nPCITxW/t3Cjg="
    "resolved" "https://r.cnpmjs.org/@babel/core/download/@babel/core-7.14.3.tgz"
    "version" "7.14.3"
    dependencies:
      "@babel/code-frame" "^7.12.13"
      "@babel/generator" "^7.14.3"
      "@babel/helper-compilation-targets" "^7.13.16"
      "@babel/helper-module-transforms" "^7.14.2"
      "@babel/helpers" "^7.14.0"
      "@babel/parser" "^7.14.3"
      "@babel/template" "^7.12.13"
      "@babel/traverse" "^7.14.2"
      "@babel/types" "^7.14.2"
      "convert-source-map" "^1.7.0"
      "debug" "^4.1.0"
      "gensync" "^1.0.0-beta.2"
      "json5" "^2.1.2"
      "semver" "^6.3.0"
      "source-map" "^0.5.0"
  
  "@babel/generator@^7.14.2", "@babel/generator@^7.14.3":
    "integrity" "sha1-DCZS2R973at8zMa6gVfk9A3O25E="
    "resolved" "https://r.cnpmjs.org/@babel/generator/download/@babel/generator-7.14.3.tgz"
    "version" "7.14.3"
    dependencies:
      "@babel/types" "^7.14.2"
      "jsesc" "^2.5.1"
      "source-map" "^0.5.0"
  
  "@babel/helper-compilation-targets@^7.13.16":
    "integrity" "sha1-M+vQ/8NCSAUe4giTUKkpqwLypRY="
    "resolved" "https://r.cnpmjs.org/@babel/helper-compilation-targets/download/@babel/helper-compilation-targets-7.14.4.tgz"
    "version" "7.14.4"
    dependencies:
      "@babel/compat-data" "^7.14.4"
      "@babel/helper-validator-option" "^7.12.17"
      "browserslist" "^4.16.6"
      "semver" "^6.3.0"
  
  "@babel/helper-function-name@^7.14.2":
    "integrity" "sha1-OXaItZB2C273cltfCGDIJCfrqsI="
    "resolved" "https://r.cnpmjs.org/@babel/helper-function-name/download/@babel/helper-function-name-7.14.2.tgz"
    "version" "7.14.2"
    dependencies:
      "@babel/helper-get-function-arity" "^7.12.13"
      "@babel/template" "^7.12.13"
      "@babel/types" "^7.14.2"
  
  "@babel/helper-get-function-arity@^7.12.13":
    "integrity" "sha1-vGNFHUA6OzCCuX4diz/lvUCR5YM="
    "resolved" "https://r.cnpmjs.org/@babel/helper-get-function-arity/download/@babel/helper-get-function-arity-7.12.13.tgz"
    "version" "7.12.13"
    dependencies:
      "@babel/types" "^7.12.13"
  
  "@babel/helper-member-expression-to-functions@^7.13.12":
    "integrity" "sha1-3+No8m1CagcpnY1lE4IXaCFubXI="
    "resolved" "https://r.cnpmjs.org/@babel/helper-member-expression-to-functions/download/@babel/helper-member-expression-to-functions-7.13.12.tgz"
    "version" "7.13.12"
    dependencies:
      "@babel/types" "^7.13.12"
  
  "@babel/helper-module-imports@^7.13.12":
    "integrity" "sha1-xqNppvNiHLJdoBQHhoTakZa2GXc="
    "resolved" "https://r.cnpmjs.org/@babel/helper-module-imports/download/@babel/helper-module-imports-7.13.12.tgz"
    "version" "7.13.12"
    dependencies:
      "@babel/types" "^7.13.12"
  
  "@babel/helper-module-transforms@^7.14.2":
    "integrity" "sha1-rBzDDuR7lF4+DE2xL6DFOJUJ3+U="
    "resolved" "https://r.cnpmjs.org/@babel/helper-module-transforms/download/@babel/helper-module-transforms-7.14.2.tgz"
    "version" "7.14.2"
    dependencies:
      "@babel/helper-module-imports" "^7.13.12"
      "@babel/helper-replace-supers" "^7.13.12"
      "@babel/helper-simple-access" "^7.13.12"
      "@babel/helper-split-export-declaration" "^7.12.13"
      "@babel/helper-validator-identifier" "^7.14.0"
      "@babel/template" "^7.12.13"
      "@babel/traverse" "^7.14.2"
      "@babel/types" "^7.14.2"
  
  "@babel/helper-optimise-call-expression@^7.12.13":
    "integrity" "sha1-XALRcbTIYVsecWP4iMHIHDCiquo="
    "resolved" "https://r.cnpmjs.org/@babel/helper-optimise-call-expression/download/@babel/helper-optimise-call-expression-7.12.13.tgz"
    "version" "7.12.13"
    dependencies:
      "@babel/types" "^7.12.13"
  
  "@babel/helper-plugin-utils@^7.12.13", "@babel/helper-plugin-utils@^7.13.0":
    "integrity" "sha1-gGUmzhJa7QM3O8QWqCgyHjpqM68="
    "resolved" "https://r.cnpmjs.org/@babel/helper-plugin-utils/download/@babel/helper-plugin-utils-7.13.0.tgz"
    "version" "7.13.0"
  
  "@babel/helper-replace-supers@^7.13.12":
    "integrity" "sha1-sqsWh13uz/89381Tm8MV9ymY2DY="
    "resolved" "https://r.cnpmjs.org/@babel/helper-replace-supers/download/@babel/helper-replace-supers-7.14.4.tgz"
    "version" "7.14.4"
    dependencies:
      "@babel/helper-member-expression-to-functions" "^7.13.12"
      "@babel/helper-optimise-call-expression" "^7.12.13"
      "@babel/traverse" "^7.14.2"
      "@babel/types" "^7.14.4"
  
  "@babel/helper-simple-access@^7.13.12":
    "integrity" "sha1-3WxTivthgZ0gWgEsMXkqOcel6vY="
    "resolved" "https://r.cnpmjs.org/@babel/helper-simple-access/download/@babel/helper-simple-access-7.13.12.tgz"
    "version" "7.13.12"
    dependencies:
      "@babel/types" "^7.13.12"
  
  "@babel/helper-split-export-declaration@^7.12.13":
    "integrity" "sha1-6UML4AuvPoiw4T5vnU6vITY3KwU="
    "resolved" "https://r.cnpmjs.org/@babel/helper-split-export-declaration/download/@babel/helper-split-export-declaration-7.12.13.tgz"
    "version" "7.12.13"
    dependencies:
      "@babel/types" "^7.12.13"
  
  "@babel/helper-validator-identifier@^7.14.0":
    "integrity" "sha1-0mytikfGUoaxXfFUcxml0Lzycog="
    "resolved" "https://r.cnpmjs.org/@babel/helper-validator-identifier/download/@babel/helper-validator-identifier-7.14.0.tgz"
    "version" "7.14.0"
  
  "@babel/helper-validator-option@^7.12.17":
    "integrity" "sha1-0fvwEuGnm37rv9xtJwuq+NnrmDE="
    "resolved" "https://r.cnpmjs.org/@babel/helper-validator-option/download/@babel/helper-validator-option-7.12.17.tgz"
    "version" "7.12.17"
  
  "@babel/helpers@^7.14.0":
    "integrity" "sha1-6ptr6UeKE9b5Ydu182v3Xi87j2I="
    "resolved" "https://r.cnpmjs.org/@babel/helpers/download/@babel/helpers-7.14.0.tgz"
    "version" "7.14.0"
    dependencies:
      "@babel/template" "^7.12.13"
      "@babel/traverse" "^7.14.0"
      "@babel/types" "^7.14.0"
  
  "@babel/highlight@^7.10.4", "@babel/highlight@^7.12.13":
    "integrity" "sha1-MZfjdXEe9r+DTmfQ2uyI5PRhE88="
    "resolved" "https://r.cnpmjs.org/@babel/highlight/download/@babel/highlight-7.14.0.tgz"
    "version" "7.14.0"
    dependencies:
      "@babel/helper-validator-identifier" "^7.14.0"
      "chalk" "^2.0.0"
      "js-tokens" "^4.0.0"
  
  "@babel/parser@^7.12.13", "@babel/parser@^7.14.2", "@babel/parser@^7.14.3":
    "integrity" "sha1-pcVg1tts2ObtNCNo3qgDkjLLqxg="
    "resolved" "https://r.cnpmjs.org/@babel/parser/download/@babel/parser-7.14.4.tgz"
    "version" "7.14.4"
  
  "@babel/plugin-transform-react-jsx-self@^7.12.13":
    "integrity" "sha1-Qi2Z0SLVkqyrnDXqIqbP2b8Yn2A="
    "resolved" "https://r.cnpmjs.org/@babel/plugin-transform-react-jsx-self/download/@babel/plugin-transform-react-jsx-self-7.12.13.tgz"
    "version" "7.12.13"
    dependencies:
      "@babel/helper-plugin-utils" "^7.12.13"
  
  "@babel/plugin-transform-react-jsx-source@^7.12.13":
    "integrity" "sha1-JiC1fn3ndcBof2XUZAJtFYEpQdo="
    "resolved" "https://r.cnpmjs.org/@babel/plugin-transform-react-jsx-source/download/@babel/plugin-transform-react-jsx-source-7.14.2.tgz"
    "version" "7.14.2"
    dependencies:
      "@babel/helper-plugin-utils" "^7.13.0"
  
  "@babel/template@^7.12.13":
    "integrity" "sha1-UwJlvooliduzdSOETFvLVZR/syc="
    "resolved" "https://r.cnpmjs.org/@babel/template/download/@babel/template-7.12.13.tgz"
    "version" "7.12.13"
    dependencies:
      "@babel/code-frame" "^7.12.13"
      "@babel/parser" "^7.12.13"
      "@babel/types" "^7.12.13"
  
  "@babel/traverse@^7.14.0", "@babel/traverse@^7.14.2":
    "integrity" "sha1-kgGo2RJyOoMcJnnH678v4UFtdls="
    "resolved" "https://r.cnpmjs.org/@babel/traverse/download/@babel/traverse-7.14.2.tgz"
    "version" "7.14.2"
    dependencies:
      "@babel/code-frame" "^7.12.13"
      "@babel/generator" "^7.14.2"
      "@babel/helper-function-name" "^7.14.2"
      "@babel/helper-split-export-declaration" "^7.12.13"
      "@babel/parser" "^7.14.2"
      "@babel/types" "^7.14.2"
      "debug" "^4.1.0"
      "globals" "^11.1.0"
  
  "@babel/types@^7.12.13", "@babel/types@^7.13.12", "@babel/types@^7.14.0", "@babel/types@^7.14.2", "@babel/types@^7.14.4":
    "integrity" "sha1-v9aYAQgWhZOziz60iiSqAmuRm8A="
    "resolved" "https://r.cnpmjs.org/@babel/types/download/@babel/types-7.14.4.tgz"
    "version" "7.14.4"
    dependencies:
      "@babel/helper-validator-identifier" "^7.14.0"
      "to-fast-properties" "^2.0.0"
  
  "@eslint/eslintrc@^0.4.1":
    "integrity" "sha1-RCdjuIzsvj7g7Hym1t1haFUMvxQ="
    "resolved" "https://r.cnpmjs.org/@eslint/eslintrc/download/@eslint/eslintrc-0.4.1.tgz"
    "version" "0.4.1"
    dependencies:
      "ajv" "^6.12.4"
      "debug" "^4.1.1"
      "espree" "^7.3.0"
      "globals" "^12.1.0"
      "ignore" "^4.0.6"
      "import-fresh" "^3.2.1"
      "js-yaml" "^3.13.1"
      "minimatch" "^3.0.4"
      "strip-json-comments" "^3.1.1"
  
  "@vitejs/plugin-react-refresh@^1.3.1":
    "integrity" "sha1-1a+z4EY/NoqK+t/dcwX+XF/nimo="
    "resolved" "https://r.cnpmjs.org/@vitejs/plugin-react-refresh/download/@vitejs/plugin-react-refresh-1.3.3.tgz"
    "version" "1.3.3"
    dependencies:
      "@babel/core" "^7.12.13"
      "@babel/plugin-transform-react-jsx-self" "^7.12.13"
      "@babel/plugin-transform-react-jsx-source" "^7.12.13"
      "react-refresh" "^0.9.0"
  
  "acorn-jsx@^5.3.1":
    "integrity" "sha1-/IZh4Rt6wVOcR9v+oucrOvNNJns="
    "resolved" "https://r.cnpmjs.org/acorn-jsx/download/acorn-jsx-5.3.1.tgz"
    "version" "5.3.1"
  
  "acorn@^6.0.0 || ^7.0.0 || ^8.0.0", "acorn@^7.4.0":
    "integrity" "sha1-/q7SVZc9LndVW4PbwIhRpsY1IPo="
    "resolved" "https://r.cnpmjs.org/acorn/download/acorn-7.4.1.tgz"
    "version" "7.4.1"
  
  "ajv@^6.10.0", "ajv@^6.12.4":
    "integrity" "sha1-uvWmLoArB9l3A0WG+MO69a3ybfQ="
    "resolved" "https://r.cnpmjs.org/ajv/download/ajv-6.12.6.tgz"
    "version" "6.12.6"
    dependencies:
      "fast-deep-equal" "^3.1.1"
      "fast-json-stable-stringify" "^2.0.0"
      "json-schema-traverse" "^0.4.1"
      "uri-js" "^4.2.2"
  
  "ajv@^8.0.1":
    "integrity" "sha1-aVUoJ0vLWvyGVEaqJ1SEBJoYrks="
    "resolved" "https://r.cnpmjs.org/ajv/download/ajv-8.5.0.tgz"
    "version" "8.5.0"
    dependencies:
      "fast-deep-equal" "^3.1.1"
      "json-schema-traverse" "^1.0.0"
      "require-from-string" "^2.0.2"
      "uri-js" "^4.2.2"
  
  "ansi-colors@^4.1.1":
    "integrity" "sha1-y7muJWv3UK8eqzRPIpqif+lLo0g="
    "resolved" "https://r.cnpmjs.org/ansi-colors/download/ansi-colors-4.1.1.tgz"
    "version" "4.1.1"
  
  "ansi-regex@^5.0.0":
    "integrity" "sha1-OIU59VF5vzkznIGvMKZU1p+Hy3U="
    "resolved" "https://r.cnpmjs.org/ansi-regex/download/ansi-regex-5.0.0.tgz"
    "version" "5.0.0"
  
  "ansi-styles@^3.2.1":
    "integrity" "sha1-QfuyAkPlCxK+DwS43tvwdSDOhB0="
    "resolved" "https://r.cnpmjs.org/ansi-styles/download/ansi-styles-3.2.1.tgz"
    "version" "3.2.1"
    dependencies:
      "color-convert" "^1.9.0"
  
  "ansi-styles@^4.0.0", "ansi-styles@^4.1.0":
    "integrity" "sha1-7dgDYornHATIWuegkG7a00tkiTc="
    "resolved" "https://r.cnpmjs.org/ansi-styles/download/ansi-styles-4.3.0.tgz"
    "version" "4.3.0"
    dependencies:
      "color-convert" "^2.0.1"
  
  "argparse@^1.0.7":
    "integrity" "sha1-vNZ5HqWuCXJeF+WtmIE0zUCz2RE="
    "resolved" "https://r.cnpmjs.org/argparse/download/argparse-1.0.10.tgz"
    "version" "1.0.10"
    dependencies:
      "sprintf-js" "~1.0.2"
  
  "array-includes@^3.1.2", "array-includes@^3.1.3":
    "integrity" "sha1-x/YZs4KtKvr1Mmzd/cCvxhr3aQo="
    "resolved" "https://r.cnpmjs.org/array-includes/download/array-includes-3.1.3.tgz"
    "version" "3.1.3"
    dependencies:
      "call-bind" "^1.0.2"
      "define-properties" "^1.1.3"
      "es-abstract" "^1.18.0-next.2"
      "get-intrinsic" "^1.1.1"
      "is-string" "^1.0.5"
  
  "array.prototype.flatmap@^1.2.4":
    "integrity" "sha1-lM/UfMFVbsB0fZf3x3OMWBIgBMk="
    "resolved" "https://r.cnpmjs.org/array.prototype.flatmap/download/array.prototype.flatmap-1.2.4.tgz"
    "version" "1.2.4"
    dependencies:
      "call-bind" "^1.0.0"
      "define-properties" "^1.1.3"
      "es-abstract" "^1.18.0-next.1"
      "function-bind" "^1.1.1"
  
  "astral-regex@^2.0.0":
    "integrity" "sha1-SDFDxWeu7UeFdZwIZXhtx319LjE="
    "resolved" "https://r.cnpmjs.org/astral-regex/download/astral-regex-2.0.0.tgz"
    "version" "2.0.0"
  
  "balanced-match@^1.0.0":
    "integrity" "sha1-6D46fj8wCzTLnYf2FfoMvzV2kO4="
    "resolved" "https://r.cnpmjs.org/balanced-match/download/balanced-match-1.0.2.tgz"
    "version" "1.0.2"
  
  "brace-expansion@^1.1.7":
    "integrity" "sha1-PH/L9SnYcibz0vUrlm/1Jx60Qd0="
    "resolved" "https://r.cnpmjs.org/brace-expansion/download/brace-expansion-1.1.11.tgz"
    "version" "1.1.11"
    dependencies:
      "balanced-match" "^1.0.0"
      "concat-map" "0.0.1"
  
  "browserslist@^4.16.6":
    "integrity" "sha1-15ASd6WojlVO0wWxg+ybDAj2b6I="
    "resolved" "https://r.cnpmjs.org/browserslist/download/browserslist-4.16.6.tgz"
    "version" "4.16.6"
    dependencies:
      "caniuse-lite" "^1.0.30001219"
      "colorette" "^1.2.2"
      "electron-to-chromium" "^1.3.723"
      "escalade" "^3.1.1"
      "node-releases" "^1.1.71"
  
  "call-bind@^1.0.0", "call-bind@^1.0.2":
    "integrity" "sha1-sdTonmiBGcPJqQOtMKuy9qkZvjw="
    "resolved" "https://r.cnpmjs.org/call-bind/download/call-bind-1.0.2.tgz"
    "version" "1.0.2"
    dependencies:
      "function-bind" "^1.1.1"
      "get-intrinsic" "^1.0.2"
  
  "callsites@^3.0.0":
    "integrity" "sha1-s2MKvYlDQy9Us/BRkjjjPNffL3M="
    "resolved" "https://r.cnpmjs.org/callsites/download/callsites-3.1.0.tgz"
    "version" "3.1.0"
  
  "caniuse-lite@^1.0.30001219":
    "integrity" "sha1-t8tKN3pLEu0kDS+lx5KVGgbl8sQ="
    "resolved" "https://r.cnpmjs.org/caniuse-lite/download/caniuse-lite-1.0.30001233.tgz"
    "version" "1.0.30001233"
  
  "chalk@^2.0.0":
    "integrity" "sha1-zUJUFnelQzPPVBpJEIwUMrRMlCQ="
    "resolved" "https://r.cnpmjs.org/chalk/download/chalk-2.4.2.tgz"
    "version" "2.4.2"
    dependencies:
      "ansi-styles" "^3.2.1"
      "escape-string-regexp" "^1.0.5"
      "supports-color" "^5.3.0"
  
  "chalk@^4.0.0":
    "integrity" "sha1-yAs/qyi/Y3HmhjMl7uZ+YYt35q0="
    "resolved" "https://r.cnpmjs.org/chalk/download/chalk-4.1.1.tgz"
    "version" "4.1.1"
    dependencies:
      "ansi-styles" "^4.1.0"
      "supports-color" "^7.1.0"
  
  "color-convert@^1.9.0":
    "integrity" "sha1-u3GFBpDh8TZWfeYp0tVHHe2kweg="
    "resolved" "https://r.cnpmjs.org/color-convert/download/color-convert-1.9.3.tgz"
    "version" "1.9.3"
    dependencies:
      "color-name" "1.1.3"
  
  "color-convert@^2.0.1":
    "integrity" "sha1-ctOmjVmMm9s68q0ehPIdiWq9TeM="
    "resolved" "https://r.cnpmjs.org/color-convert/download/color-convert-2.0.1.tgz"
    "version" "2.0.1"
    dependencies:
      "color-name" "~1.1.4"
  
  "color-name@~1.1.4":
    "integrity" "sha1-wqCah6y95pVD3m9j+jmVyCbFNqI="
    "resolved" "https://r.cnpmjs.org/color-name/download/color-name-1.1.4.tgz"
    "version" "1.1.4"
  
  "color-name@1.1.3":
    "integrity" "sha1-p9BVi9icQveV3UIyj3QIMcpTvCU="
    "resolved" "https://r.cnpmjs.org/color-name/download/color-name-1.1.3.tgz"
    "version" "1.1.3"
  
  "colorette@^1.2.2":
    "integrity" "sha1-y8x51emcrqLb8Q6zom/Ys+as+pQ="
    "resolved" "https://r.cnpmjs.org/colorette/download/colorette-1.2.2.tgz"
    "version" "1.2.2"
  
  "concat-map@0.0.1":
    "integrity" "sha1-2Klr13/Wjfd5OnMDajug1UBdR3s="
    "resolved" "https://r.cnpmjs.org/concat-map/download/concat-map-0.0.1.tgz"
    "version" "0.0.1"
  
  "convert-source-map@^1.7.0":
    "integrity" "sha1-F6LLiC1/d9NJBYXizmxSRCSjpEI="
    "resolved" "https://r.cnpmjs.org/convert-source-map/download/convert-source-map-1.7.0.tgz"
    "version" "1.7.0"
    dependencies:
      "safe-buffer" "~5.1.1"
  
  "cross-spawn@^7.0.2":
    "integrity" "sha1-9zqFudXUHQRVUcF34ogtSshXKKY="
    "resolved" "https://r.cnpmjs.org/cross-spawn/download/cross-spawn-7.0.3.tgz"
    "version" "7.0.3"
    dependencies:
      "path-key" "^3.1.0"
      "shebang-command" "^2.0.0"
      "which" "^2.0.1"
  
  "debug@^4.0.1", "debug@^4.1.0", "debug@^4.1.1":
    "integrity" "sha1-8NIpxQXgxtjEmsVT0bE9wYP2su4="
    "resolved" "https://r.cnpmjs.org/debug/download/debug-4.3.1.tgz"
    "version" "4.3.1"
    dependencies:
      "ms" "2.1.2"
  
  "deep-is@^0.1.3":
    "integrity" "sha1-s2nW+128E+7PUk+RsHD+7cNXzzQ="
    "resolved" "https://r.cnpmjs.org/deep-is/download/deep-is-0.1.3.tgz"
    "version" "0.1.3"
  
  "define-properties@^1.1.3":
    "integrity" "sha1-z4jabL7ib+bbcJT2HYcMvYTO6fE="
    "resolved" "https://r.cnpmjs.org/define-properties/download/define-properties-1.1.3.tgz"
    "version" "1.1.3"
    dependencies:
      "object-keys" "^1.0.12"
  
  "doctrine@^2.1.0":
    "integrity" "sha1-XNAfwQFiG0LEzX9dGmYkNxbT850="
    "resolved" "https://r.cnpmjs.org/doctrine/download/doctrine-2.1.0.tgz"
    "version" "2.1.0"
    dependencies:
      "esutils" "^2.0.2"
  
  "doctrine@^3.0.0":
    "integrity" "sha1-rd6+rXKmV023g2OdyHoSF3OXOWE="
    "resolved" "https://r.cnpmjs.org/doctrine/download/doctrine-3.0.0.tgz"
    "version" "3.0.0"
    dependencies:
      "esutils" "^2.0.2"
  
  "electron-to-chromium@^1.3.723":
    "integrity" "sha1-tUwrqg4BZYKI1oNdnxlyf9SA3mM="
    "resolved" "https://r.cnpmjs.org/electron-to-chromium/download/electron-to-chromium-1.3.745.tgz"
    "version" "1.3.745"
  
  "emoji-regex@^8.0.0":
    "integrity" "sha1-6Bj9ac5cz8tARZT4QpY79TFkzDc="
    "resolved" "https://r.cnpmjs.org/emoji-regex/download/emoji-regex-8.0.0.tgz"
    "version" "8.0.0"
  
  "enquirer@^2.3.5":
    "integrity" "sha1-Kn/l3WNKHkElqXXsmU/1RW3Dc00="
    "resolved" "https://r.cnpmjs.org/enquirer/download/enquirer-2.3.6.tgz"
    "version" "2.3.6"
    dependencies:
      "ansi-colors" "^4.1.1"
  
  "es-abstract@^1.18.0-next.1", "es-abstract@^1.18.0-next.2", "es-abstract@^1.18.2":
    "integrity" "sha1-JcTDOAonqiA8RLK2hbupTaMbY+A="
    "resolved" "https://r.cnpmjs.org/es-abstract/download/es-abstract-1.18.3.tgz"
    "version" "1.18.3"
    dependencies:
      "call-bind" "^1.0.2"
      "es-to-primitive" "^1.2.1"
      "function-bind" "^1.1.1"
      "get-intrinsic" "^1.1.1"
      "has" "^1.0.3"
      "has-symbols" "^1.0.2"
      "is-callable" "^1.2.3"
      "is-negative-zero" "^2.0.1"
      "is-regex" "^1.1.3"
      "is-string" "^1.0.6"
      "object-inspect" "^1.10.3"
      "object-keys" "^1.1.1"
      "object.assign" "^4.1.2"
      "string.prototype.trimend" "^1.0.4"
      "string.prototype.trimstart" "^1.0.4"
      "unbox-primitive" "^1.0.1"
  
  "es-to-primitive@^1.2.1":
    "integrity" "sha1-5VzUyc3BiLzvsDs2bHNjI/xciYo="
    "resolved" "https://r.cnpmjs.org/es-to-primitive/download/es-to-primitive-1.2.1.tgz"
    "version" "1.2.1"
    dependencies:
      "is-callable" "^1.1.4"
      "is-date-object" "^1.0.1"
      "is-symbol" "^1.0.2"
  
  "esbuild@^0.12.5":
    "integrity" "sha1-Ngdqa8GWa6J0GYHTBRLpXoqv9JU="
    "resolved" "https://r.cnpmjs.org/esbuild/download/esbuild-0.12.5.tgz"
    "version" "0.12.5"
  
  "escalade@^3.1.1":
    "integrity" "sha1-2M/ccACWXFoBdLSoLqpcBVJ0LkA="
    "resolved" "https://r.cnpmjs.org/escalade/download/escalade-3.1.1.tgz"
    "version" "3.1.1"
  
  "escape-string-regexp@^1.0.5":
    "integrity" "sha1-G2HAViGQqN/2rjuyzwIAyhMLhtQ="
    "resolved" "https://r.cnpmjs.org/escape-string-regexp/download/escape-string-regexp-1.0.5.tgz"
    "version" "1.0.5"
  
  "escape-string-regexp@^4.0.0":
    "integrity" "sha1-FLqDpdNz49MR5a/KKc9b+tllvzQ="
    "resolved" "https://r.cnpmjs.org/escape-string-regexp/download/escape-string-regexp-4.0.0.tgz"
    "version" "4.0.0"
  
  "eslint-config-prettier@^8.3.0":
    "integrity" "sha1-90cbILb+ipqSVMxoRFQgKIai3Xo="
    "resolved" "https://r.cnpmjs.org/eslint-config-prettier/download/eslint-config-prettier-8.3.0.tgz"
    "version" "8.3.0"
  
  "eslint-plugin-prettier@^3.4.0":
    "integrity" "sha1-zbrTvx29Kxd+mCVzf+Y7R2oI8Mc="
    "resolved" "https://r.cnpmjs.org/eslint-plugin-prettier/download/eslint-plugin-prettier-3.4.0.tgz"
    "version" "3.4.0"
    dependencies:
      "prettier-linter-helpers" "^1.0.0"
  
  "eslint-plugin-react@^7.24.0":
    "integrity" "sha1-6t7fo1Gm82tJCqF/T6mxToQrnrQ="
    "resolved" "https://r.cnpmjs.org/eslint-plugin-react/download/eslint-plugin-react-7.24.0.tgz"
    "version" "7.24.0"
    dependencies:
      "array-includes" "^3.1.3"
      "array.prototype.flatmap" "^1.2.4"
      "doctrine" "^2.1.0"
      "has" "^1.0.3"
      "jsx-ast-utils" "^2.4.1 || ^3.0.0"
      "minimatch" "^3.0.4"
      "object.entries" "^1.1.4"
      "object.fromentries" "^2.0.4"
      "object.values" "^1.1.4"
      "prop-types" "^15.7.2"
      "resolve" "^2.0.0-next.3"
      "string.prototype.matchall" "^4.0.5"
  
  "eslint-scope@^5.1.1":
    "integrity" "sha1-54blmmbLkrP2wfsNUIqrF0hI9Iw="
    "resolved" "https://r.cnpmjs.org/eslint-scope/download/eslint-scope-5.1.1.tgz"
    "version" "5.1.1"
    dependencies:
      "esrecurse" "^4.3.0"
      "estraverse" "^4.1.1"
  
  "eslint-utils@^2.1.0":
    "integrity" "sha1-0t5eA0JOcH3BDHQGjd7a5wh0Gyc="
    "resolved" "https://r.cnpmjs.org/eslint-utils/download/eslint-utils-2.1.0.tgz"
    "version" "2.1.0"
    dependencies:
      "eslint-visitor-keys" "^1.1.0"
  
  "eslint-visitor-keys@^1.1.0", "eslint-visitor-keys@^1.3.0":
    "integrity" "sha1-MOvR73wv3/AcOk8VEESvJfqwUj4="
    "resolved" "https://r.cnpmjs.org/eslint-visitor-keys/download/eslint-visitor-keys-1.3.0.tgz"
    "version" "1.3.0"
  
  "eslint-visitor-keys@^2.0.0":
    "integrity" "sha1-9lMoJZMFknOSyTjtROsKXJsr0wM="
    "resolved" "https://r.cnpmjs.org/eslint-visitor-keys/download/eslint-visitor-keys-2.1.0.tgz"
    "version" "2.1.0"
  
  "eslint@^3 || ^4 || ^5 || ^6 || ^7", "eslint@^7.27.0", "eslint@>=5.0.0", "eslint@>=7.0.0":
    "integrity" "sha1-ZloVBtj5VlXJJ02EvXj3FmsH6cc="
    "resolved" "https://r.cnpmjs.org/eslint/download/eslint-7.27.0.tgz"
    "version" "7.27.0"
    dependencies:
      "@babel/code-frame" "7.12.11"
      "@eslint/eslintrc" "^0.4.1"
      "ajv" "^6.10.0"
      "chalk" "^4.0.0"
      "cross-spawn" "^7.0.2"
      "debug" "^4.0.1"
      "doctrine" "^3.0.0"
      "enquirer" "^2.3.5"
      "escape-string-regexp" "^4.0.0"
      "eslint-scope" "^5.1.1"
      "eslint-utils" "^2.1.0"
      "eslint-visitor-keys" "^2.0.0"
      "espree" "^7.3.1"
      "esquery" "^1.4.0"
      "esutils" "^2.0.2"
      "fast-deep-equal" "^3.1.3"
      "file-entry-cache" "^6.0.1"
      "functional-red-black-tree" "^1.0.1"
      "glob-parent" "^5.0.0"
      "globals" "^13.6.0"
      "ignore" "^4.0.6"
      "import-fresh" "^3.0.0"
      "imurmurhash" "^0.1.4"
      "is-glob" "^4.0.0"
      "js-yaml" "^3.13.1"
      "json-stable-stringify-without-jsonify" "^1.0.1"
      "levn" "^0.4.1"
      "lodash.merge" "^4.6.2"
      "minimatch" "^3.0.4"
      "natural-compare" "^1.4.0"
      "optionator" "^0.9.1"
      "progress" "^2.0.0"
      "regexpp" "^3.1.0"
      "semver" "^7.2.1"
      "strip-ansi" "^6.0.0"
      "strip-json-comments" "^3.1.0"
      "table" "^6.0.9"
      "text-table" "^0.2.0"
      "v8-compile-cache" "^2.0.3"
  
  "espree@^7.3.0", "espree@^7.3.1":
    "integrity" "sha1-8t8zC3Usb1UBn4vYm3ZgA5wbu7Y="
    "resolved" "https://r.cnpmjs.org/espree/download/espree-7.3.1.tgz"
    "version" "7.3.1"
    dependencies:
      "acorn" "^7.4.0"
      "acorn-jsx" "^5.3.1"
      "eslint-visitor-keys" "^1.3.0"
  
  "esprima@^4.0.0":
    "integrity" "sha1-E7BM2z5sXRnfkatph6hpVhmwqnE="
    "resolved" "https://r.cnpmjs.org/esprima/download/esprima-4.0.1.tgz"
    "version" "4.0.1"
  
  "esquery@^1.4.0":
    "integrity" "sha1-IUj/w4uC6McFff7UhCWz5h8PJKU="
    "resolved" "https://r.cnpmjs.org/esquery/download/esquery-1.4.0.tgz"
    "version" "1.4.0"
    dependencies:
      "estraverse" "^5.1.0"
  
  "esrecurse@^4.3.0":
    "integrity" "sha1-eteWTWeauyi+5yzsY3WLHF0smSE="
    "resolved" "https://r.cnpmjs.org/esrecurse/download/esrecurse-4.3.0.tgz"
    "version" "4.3.0"
    dependencies:
      "estraverse" "^5.2.0"
  
  "estraverse@^4.1.1":
    "integrity" "sha1-OYrT88WiSUi+dyXoPRGn3ijNvR0="
    "resolved" "https://r.cnpmjs.org/estraverse/download/estraverse-4.3.0.tgz"
    "version" "4.3.0"
  
  "estraverse@^5.1.0", "estraverse@^5.2.0":
    "integrity" "sha1-MH30JUfmzHMk088DwVXVzbjFOIA="
    "resolved" "https://r.cnpmjs.org/estraverse/download/estraverse-5.2.0.tgz"
    "version" "5.2.0"
  
  "esutils@^2.0.2":
    "integrity" "sha1-dNLrTeC42hKTcRkQ1Qd1ubcQ72Q="
    "resolved" "https://r.cnpmjs.org/esutils/download/esutils-2.0.3.tgz"
    "version" "2.0.3"
  
  "fast-deep-equal@^3.1.1", "fast-deep-equal@^3.1.3":
    "integrity" "sha1-On1WtVnWy8PrUSMlJE5hmmXGxSU="
    "resolved" "https://r.cnpmjs.org/fast-deep-equal/download/fast-deep-equal-3.1.3.tgz"
    "version" "3.1.3"
  
  "fast-diff@^1.1.2":
    "integrity" "sha1-c+4RmC2Gyq95WYKNUZz+kn+sXwM="
    "resolved" "https://r.cnpmjs.org/fast-diff/download/fast-diff-1.2.0.tgz"
    "version" "1.2.0"
  
  "fast-json-stable-stringify@^2.0.0":
    "integrity" "sha1-h0v2nG9ATCtdmcSBNBOZ/VWJJjM="
    "resolved" "https://r.cnpmjs.org/fast-json-stable-stringify/download/fast-json-stable-stringify-2.1.0.tgz"
    "version" "2.1.0"
  
  "fast-levenshtein@^2.0.6":
    "integrity" "sha1-PYpcZog6FqMMqGQ+hR8Zuqd5eRc="
    "resolved" "https://r.cnpmjs.org/fast-levenshtein/download/fast-levenshtein-2.0.6.tgz"
    "version" "2.0.6"
  
  "file-entry-cache@^6.0.1":
    "integrity" "sha1-IRst2WWcsDlLBz5zI6w8kz1SICc="
    "resolved" "https://r.cnpmjs.org/file-entry-cache/download/file-entry-cache-6.0.1.tgz"
    "version" "6.0.1"
    dependencies:
      "flat-cache" "^3.0.4"
  
  "flat-cache@^3.0.4":
    "integrity" "sha1-YbAzgwKy/p+Vfcwy/CqH8cMEixE="
    "resolved" "https://r.cnpmjs.org/flat-cache/download/flat-cache-3.0.4.tgz"
    "version" "3.0.4"
    dependencies:
      "flatted" "^3.1.0"
      "rimraf" "^3.0.2"
  
  "flatted@^3.1.0":
    "integrity" "sha1-xLSJ6ACW2d8d/JfHmHGup8YXxGk="
    "resolved" "https://r.cnpmjs.org/flatted/download/flatted-3.1.1.tgz"
    "version" "3.1.1"
  
  "fs.realpath@^1.0.0":
    "integrity" "sha1-FQStJSMVjKpA20onh8sBQRmU6k8="
    "resolved" "https://r.cnpmjs.org/fs.realpath/download/fs.realpath-1.0.0.tgz"
    "version" "1.0.0"
  
  "function-bind@^1.1.1":
    "integrity" "sha1-pWiZ0+o8m6uHS7l3O3xe3pL0iV0="
    "resolved" "https://r.cnpmjs.org/function-bind/download/function-bind-1.1.1.tgz"
    "version" "1.1.1"
  
  "functional-red-black-tree@^1.0.1":
    "integrity" "sha1-GwqzvVU7Kg1jmdKcDj6gslIHgyc="
    "resolved" "https://r.cnpmjs.org/functional-red-black-tree/download/functional-red-black-tree-1.0.1.tgz"
    "version" "1.0.1"
  
  "gensync@^1.0.0-beta.2":
    "integrity" "sha1-MqbudsPX9S1GsrGuXZP+qFgKJeA="
    "resolved" "https://r.cnpmjs.org/gensync/download/gensync-1.0.0-beta.2.tgz"
    "version" "1.0.0-beta.2"
  
  "get-intrinsic@^1.0.2", "get-intrinsic@^1.1.0", "get-intrinsic@^1.1.1":
    "integrity" "sha1-FfWfN2+FXERpY5SPDSTNNje0q8Y="
    "resolved" "https://r.cnpmjs.org/get-intrinsic/download/get-intrinsic-1.1.1.tgz"
    "version" "1.1.1"
    dependencies:
      "function-bind" "^1.1.1"
      "has" "^1.0.3"
      "has-symbols" "^1.0.1"
  
  "glob-parent@^5.0.0":
    "integrity" "sha1-hpgyxYA0/mikCTwX3BXoNA2EAcQ="
    "resolved" "https://r.cnpmjs.org/glob-parent/download/glob-parent-5.1.2.tgz"
    "version" "5.1.2"
    dependencies:
      "is-glob" "^4.0.1"
  
  "glob@^7.1.3":
    "integrity" "sha1-Oxk+kjPwHULQs/eClLvutBj5SpA="
    "resolved" "https://r.cnpmjs.org/glob/download/glob-7.1.7.tgz"
    "version" "7.1.7"
    dependencies:
      "fs.realpath" "^1.0.0"
      "inflight" "^1.0.4"
      "inherits" "2"
      "minimatch" "^3.0.4"
      "once" "^1.3.0"
      "path-is-absolute" "^1.0.0"
  
  "globals@^11.1.0":
    "integrity" "sha1-q4eVM4hooLq9hSV1gBjCp+uVxC4="
    "resolved" "https://r.cnpmjs.org/globals/download/globals-11.12.0.tgz"
    "version" "11.12.0"
  
  "globals@^12.1.0":
    "integrity" "sha1-oYgTV2pBsAokqX5/gVkYwuGZJfg="
    "resolved" "https://r.cnpmjs.org/globals/download/globals-12.4.0.tgz"
    "version" "12.4.0"
    dependencies:
      "type-fest" "^0.8.1"
  
  "globals@^13.6.0":
    "integrity" "sha1-S/K/Y1szShc/sdr3xeayGOzcBss="
    "resolved" "https://r.cnpmjs.org/globals/download/globals-13.9.0.tgz"
    "version" "13.9.0"
    dependencies:
      "type-fest" "^0.20.2"
  
  "has-bigints@^1.0.1":
    "integrity" "sha1-ZP5qywIGc+O3jbA1pa9pqp0HsRM="
    "resolved" "https://r.cnpmjs.org/has-bigints/download/has-bigints-1.0.1.tgz"
    "version" "1.0.1"
  
  "has-flag@^3.0.0":
    "integrity" "sha1-tdRU3CGZriJWmfNGfloH87lVuv0="
    "resolved" "https://r.cnpmjs.org/has-flag/download/has-flag-3.0.0.tgz"
    "version" "3.0.0"
  
  "has-flag@^4.0.0":
    "integrity" "sha1-lEdx/ZyByBJlxNaUGGDaBrtZR5s="
    "resolved" "https://r.cnpmjs.org/has-flag/download/has-flag-4.0.0.tgz"
    "version" "4.0.0"
  
  "has-symbols@^1.0.1", "has-symbols@^1.0.2":
    "integrity" "sha1-Fl0wcMADCXUqEjakeTMeOsVvFCM="
    "resolved" "https://r.cnpmjs.org/has-symbols/download/has-symbols-1.0.2.tgz"
    "version" "1.0.2"
  
  "has@^1.0.3":
    "integrity" "sha1-ci18v8H2qoJB8W3YFOAR4fQeh5Y="
    "resolved" "https://r.cnpmjs.org/has/download/has-1.0.3.tgz"
    "version" "1.0.3"
    dependencies:
      "function-bind" "^1.1.1"
  
  "ignore@^4.0.6":
    "integrity" "sha1-dQ49tYYgh7RzfrrIIH/9HvJ7Jfw="
    "resolved" "https://r.cnpmjs.org/ignore/download/ignore-4.0.6.tgz"
    "version" "4.0.6"
  
  "import-fresh@^3.0.0", "import-fresh@^3.2.1":
    "integrity" "sha1-NxYsJfy566oublPVtNiM4X2eDCs="
    "resolved" "https://r.cnpmjs.org/import-fresh/download/import-fresh-3.3.0.tgz"
    "version" "3.3.0"
    dependencies:
      "parent-module" "^1.0.0"
      "resolve-from" "^4.0.0"
  
  "imurmurhash@^0.1.4":
    "integrity" "sha1-khi5srkoojixPcT7a21XbyMUU+o="
    "resolved" "https://r.cnpmjs.org/imurmurhash/download/imurmurhash-0.1.4.tgz"
    "version" "0.1.4"
  
  "inflight@^1.0.4":
    "integrity" "sha1-Sb1jMdfQLQwJvJEKEHW6gWW1bfk="
    "resolved" "https://r.cnpmjs.org/inflight/download/inflight-1.0.6.tgz"
    "version" "1.0.6"
    dependencies:
      "once" "^1.3.0"
      "wrappy" "1"
  
  "inherits@2":
    "integrity" "sha1-D6LGT5MpF8NDOg3tVTY6rjdBa3w="
    "resolved" "https://r.cnpmjs.org/inherits/download/inherits-2.0.4.tgz"
    "version" "2.0.4"
  
  "internal-slot@^1.0.3":
    "integrity" "sha1-c0fjB97uovqsKsYgXUvH00ln9Zw="
    "resolved" "https://r.cnpmjs.org/internal-slot/download/internal-slot-1.0.3.tgz"
    "version" "1.0.3"
    dependencies:
      "get-intrinsic" "^1.1.0"
      "has" "^1.0.3"
      "side-channel" "^1.0.4"
  
  "is-bigint@^1.0.1":
    "integrity" "sha1-/7OBRCUDI1rSReqJ5Fs9v/BA7lo="
    "resolved" "https://r.cnpmjs.org/is-bigint/download/is-bigint-1.0.2.tgz"
    "version" "1.0.2"
  
  "is-boolean-object@^1.1.0":
    "integrity" "sha1-PAh48DXLghIo01DS4eNnGXFqPeg="
    "resolved" "https://r.cnpmjs.org/is-boolean-object/download/is-boolean-object-1.1.1.tgz"
    "version" "1.1.1"
    dependencies:
      "call-bind" "^1.0.2"
  
  "is-callable@^1.1.4", "is-callable@^1.2.3":
    "integrity" "sha1-ix4FALc6HXbHBIdjbzaOUZ3o244="
    "resolved" "https://r.cnpmjs.org/is-callable/download/is-callable-1.2.3.tgz"
    "version" "1.2.3"
  
  "is-core-module@^2.2.0":
    "integrity" "sha1-jp/I4VAnsBFBgCbpjw5vTYYwXME="
    "resolved" "https://r.cnpmjs.org/is-core-module/download/is-core-module-2.4.0.tgz"
    "version" "2.4.0"
    dependencies:
      "has" "^1.0.3"
  
  "is-date-object@^1.0.1":
    "integrity" "sha1-VQz8wDr62gXuo90wmBx7CVUfc+U="
    "resolved" "https://r.cnpmjs.org/is-date-object/download/is-date-object-1.0.4.tgz"
    "version" "1.0.4"
  
  "is-extglob@^2.1.1":
    "integrity" "sha1-qIwCU1eR8C7TfHahueqXc8gz+MI="
    "resolved" "https://r.cnpmjs.org/is-extglob/download/is-extglob-2.1.1.tgz"
    "version" "2.1.1"
  
  "is-fullwidth-code-point@^3.0.0":
    "integrity" "sha1-8Rb4Bk/pCz94RKOJl8C3UFEmnx0="
    "resolved" "https://r.cnpmjs.org/is-fullwidth-code-point/download/is-fullwidth-code-point-3.0.0.tgz"
    "version" "3.0.0"
  
  "is-glob@^4.0.0", "is-glob@^4.0.1":
    "integrity" "sha1-dWfb6fL14kZ7x3q4PEopSCQHpdw="
    "resolved" "https://r.cnpmjs.org/is-glob/download/is-glob-4.0.1.tgz"
    "version" "4.0.1"
    dependencies:
      "is-extglob" "^2.1.1"
  
  "is-negative-zero@^2.0.1":
    "integrity" "sha1-PedGwY3aIxkkGlNnWQjY92bxHCQ="
    "resolved" "https://r.cnpmjs.org/is-negative-zero/download/is-negative-zero-2.0.1.tgz"
    "version" "2.0.1"
  
  "is-number-object@^1.0.4":
    "integrity" "sha1-bt+u7XlQz/Ga/tzp+/yp7m3Sies="
    "resolved" "https://r.cnpmjs.org/is-number-object/download/is-number-object-1.0.5.tgz"
    "version" "1.0.5"
  
  "is-regex@^1.1.3":
    "integrity" "sha1-0Cn5r/ZEi5Prvj8z2scVEf3L758="
    "resolved" "https://r.cnpmjs.org/is-regex/download/is-regex-1.1.3.tgz"
    "version" "1.1.3"
    dependencies:
      "call-bind" "^1.0.2"
      "has-symbols" "^1.0.2"
  
  "is-string@^1.0.5", "is-string@^1.0.6":
    "integrity" "sha1-P+XVmS+w2TQE8yWE1LAXmnG1Sl8="
    "resolved" "https://r.cnpmjs.org/is-string/download/is-string-1.0.6.tgz"
    "version" "1.0.6"
  
  "is-symbol@^1.0.2", "is-symbol@^1.0.3":
    "integrity" "sha1-ptrJO2NbBjymhyI23oiRClevE5w="
    "resolved" "https://r.cnpmjs.org/is-symbol/download/is-symbol-1.0.4.tgz"
    "version" "1.0.4"
    dependencies:
      "has-symbols" "^1.0.2"
  
  "isexe@^2.0.0":
    "integrity" "sha1-6PvzdNxVb/iUehDcsFctYz8s+hA="
    "resolved" "https://r.cnpmjs.org/isexe/download/isexe-2.0.0.tgz"
    "version" "2.0.0"
  
  "js-tokens@^3.0.0 || ^4.0.0", "js-tokens@^4.0.0":
    "integrity" "sha1-GSA/tZmR35jjoocFDUZHzerzJJk="
    "resolved" "https://r.cnpmjs.org/js-tokens/download/js-tokens-4.0.0.tgz"
    "version" "4.0.0"
  
  "js-yaml@^3.13.1":
    "integrity" "sha1-2ugS/bOCX6MGYJqHFzg8UMNqBTc="
    "resolved" "https://r.cnpmjs.org/js-yaml/download/js-yaml-3.14.1.tgz"
    "version" "3.14.1"
    dependencies:
      "argparse" "^1.0.7"
      "esprima" "^4.0.0"
  
  "jsesc@^2.5.1":
    "integrity" "sha1-gFZNLkg9rPbo7yCWUKZ98/DCg6Q="
    "resolved" "https://r.cnpmjs.org/jsesc/download/jsesc-2.5.2.tgz"
    "version" "2.5.2"
  
  "json-schema-traverse@^0.4.1":
    "integrity" "sha1-afaofZUTq4u4/mO9sJecRI5oRmA="
    "resolved" "https://r.cnpmjs.org/json-schema-traverse/download/json-schema-traverse-0.4.1.tgz"
    "version" "0.4.1"
  
  "json-schema-traverse@^1.0.0":
    "integrity" "sha1-rnvLNlard6c7pcSb9lTzjmtoYOI="
    "resolved" "https://r.cnpmjs.org/json-schema-traverse/download/json-schema-traverse-1.0.0.tgz"
    "version" "1.0.0"
  
  "json-stable-stringify-without-jsonify@^1.0.1":
    "integrity" "sha1-nbe1lJatPzz+8wp1FC0tkwrXJlE="
    "resolved" "https://r.cnpmjs.org/json-stable-stringify-without-jsonify/download/json-stable-stringify-without-jsonify-1.0.1.tgz"
    "version" "1.0.1"
  
  "json5@^2.1.2":
    "integrity" "sha1-Lf7+cgxrpSXZ69kJlQ8FFTFsiaM="
    "resolved" "https://r.cnpmjs.org/json5/download/json5-2.2.0.tgz"
    "version" "2.2.0"
    dependencies:
      "minimist" "^1.2.5"
  
  "jsx-ast-utils@^2.4.1 || ^3.0.0":
    "integrity" "sha1-QRCNLOxAjDRTwbvopKrp4eK9j4I="
    "resolved" "https://r.cnpmjs.org/jsx-ast-utils/download/jsx-ast-utils-3.2.0.tgz"
    "version" "3.2.0"
    dependencies:
      "array-includes" "^3.1.2"
      "object.assign" "^4.1.2"
  
  "levn@^0.4.1":
    "integrity" "sha1-rkViwAdHO5MqYgDUAyaN0v/8at4="
    "resolved" "https://r.cnpmjs.org/levn/download/levn-0.4.1.tgz"
    "version" "0.4.1"
    dependencies:
      "prelude-ls" "^1.2.1"
      "type-check" "~0.4.0"
  
  "lodash.clonedeep@^4.5.0":
    "integrity" "sha1-4j8/nE+Pvd6HJSnBBxhXoIblzO8="
    "resolved" "https://r.cnpmjs.org/lodash.clonedeep/download/lodash.clonedeep-4.5.0.tgz"
    "version" "4.5.0"
  
  "lodash.merge@^4.6.2":
    "integrity" "sha1-VYqlO0O2YeGSWgr9+japoQhf5Xo="
    "resolved" "https://r.cnpmjs.org/lodash.merge/download/lodash.merge-4.6.2.tgz"
    "version" "4.6.2"
  
  "lodash.truncate@^4.4.2":
    "integrity" "sha1-WjUNoLERO4N+z//VgSy+WNbq4ZM="
    "resolved" "https://r.cnpmjs.org/lodash.truncate/download/lodash.truncate-4.4.2.tgz"
    "version" "4.4.2"
  
  "loose-envify@^1.1.0", "loose-envify@^1.4.0":
    "integrity" "sha1-ce5R+nvkyuwaY4OffmgtgTLTDK8="
    "resolved" "https://r.cnpmjs.org/loose-envify/download/loose-envify-1.4.0.tgz"
    "version" "1.4.0"
    dependencies:
      "js-tokens" "^3.0.0 || ^4.0.0"
  
  "lru-cache@^6.0.0":
    "integrity" "sha1-bW/mVw69lqr5D8rR2vo7JWbbOpQ="
    "resolved" "https://r.cnpmjs.org/lru-cache/download/lru-cache-6.0.0.tgz"
    "version" "6.0.0"
    dependencies:
      "yallist" "^4.0.0"
  
  "minimatch@^3.0.4":
    "integrity" "sha1-UWbihkV/AzBgZL5Ul+jbsMPTIIM="
    "resolved" "https://r.cnpmjs.org/minimatch/download/minimatch-3.0.4.tgz"
    "version" "3.0.4"
    dependencies:
      "brace-expansion" "^1.1.7"
  
  "minimist@^1.2.5":
    "integrity" "sha1-Z9ZgFLZqaoqqDAg8X9WN9OTpdgI="
    "resolved" "https://r.cnpmjs.org/minimist/download/minimist-1.2.5.tgz"
    "version" "1.2.5"
  
  "ms@2.1.2":
    "integrity" "sha1-0J0fNXtEP0kzgqjrPM0YOHKuYAk="
    "resolved" "https://r.cnpmjs.org/ms/download/ms-2.1.2.tgz"
    "version" "2.1.2"
  
  "nanoid@^3.1.23":
    "integrity" "sha1-90QIbOfCvEfuCoRyV01ceOQYOoE="
    "resolved" "https://r.cnpmjs.org/nanoid/download/nanoid-3.1.23.tgz"
    "version" "3.1.23"
  
  "natural-compare@^1.4.0":
    "integrity" "sha1-Sr6/7tdUHywnrPspvbvRXI1bpPc="
    "resolved" "https://r.cnpmjs.org/natural-compare/download/natural-compare-1.4.0.tgz"
    "version" "1.4.0"
  
  "node-releases@^1.1.71":
    "integrity" "sha1-FIAqtrEDmnmgx9ZithClu9durL4="
    "resolved" "https://r.cnpmjs.org/node-releases/download/node-releases-1.1.72.tgz"
    "version" "1.1.72"
  
  "object-assign@^4.1.1":
    "integrity" "sha1-IQmtx5ZYh8/AXLvUQsrIv7s2CGM="
    "resolved" "https://r.cnpmjs.org/object-assign/download/object-assign-4.1.1.tgz"
    "version" "4.1.1"
  
  "object-inspect@^1.10.3", "object-inspect@^1.9.0":
    "integrity" "sha1-wqp9LQn1DJk3VwT3oK3yTFeC02k="
    "resolved" "https://r.cnpmjs.org/object-inspect/download/object-inspect-1.10.3.tgz"
    "version" "1.10.3"
  
  "object-keys@^1.0.12", "object-keys@^1.1.1":
    "integrity" "sha1-HEfyct8nfzsdrwYWd9nILiMixg4="
    "resolved" "https://r.cnpmjs.org/object-keys/download/object-keys-1.1.1.tgz"
    "version" "1.1.1"
  
  "object.assign@^4.1.2":
    "integrity" "sha1-DtVKNC7Os3s4/3brgxoOeIy2OUA="
    "resolved" "https://r.cnpmjs.org/object.assign/download/object.assign-4.1.2.tgz"
    "version" "4.1.2"
    dependencies:
      "call-bind" "^1.0.0"
      "define-properties" "^1.1.3"
      "has-symbols" "^1.0.1"
      "object-keys" "^1.1.1"
  
  "object.entries@^1.1.4":
    "integrity" "sha1-Q8z5pQvF/VtknUWrGlefJOCIyv0="
    "resolved" "https://r.cnpmjs.org/object.entries/download/object.entries-1.1.4.tgz"
    "version" "1.1.4"
    dependencies:
      "call-bind" "^1.0.2"
      "define-properties" "^1.1.3"
      "es-abstract" "^1.18.2"
  
  "object.fromentries@^2.0.4":
    "integrity" "sha1-JuG6XEVxxcbwiQzvRHMGZFahILg="
    "resolved" "https://r.cnpmjs.org/object.fromentries/download/object.fromentries-2.0.4.tgz"
    "version" "2.0.4"
    dependencies:
      "call-bind" "^1.0.2"
      "define-properties" "^1.1.3"
      "es-abstract" "^1.18.0-next.2"
      "has" "^1.0.3"
  
  "object.values@^1.1.4":
    "integrity" "sha1-DSc3YoM+gWtpOmN9MAc+cFFTWzA="
    "resolved" "https://r.cnpmjs.org/object.values/download/object.values-1.1.4.tgz"
    "version" "1.1.4"
    dependencies:
      "call-bind" "^1.0.2"
      "define-properties" "^1.1.3"
      "es-abstract" "^1.18.2"
  
  "once@^1.3.0":
    "integrity" "sha1-WDsap3WWHUsROsF9nFC6753Xa9E="
    "resolved" "https://r.cnpmjs.org/once/download/once-1.4.0.tgz"
    "version" "1.4.0"
    dependencies:
      "wrappy" "1"
  
  "optionator@^0.9.1":
    "integrity" "sha1-TyNqY3Pa4FZqbUPhMmZ09QwpFJk="
    "resolved" "https://r.cnpmjs.org/optionator/download/optionator-0.9.1.tgz"
    "version" "0.9.1"
    dependencies:
      "deep-is" "^0.1.3"
      "fast-levenshtein" "^2.0.6"
      "levn" "^0.4.1"
      "prelude-ls" "^1.2.1"
      "type-check" "^0.4.0"
      "word-wrap" "^1.2.3"
  
  "parent-module@^1.0.0":
    "integrity" "sha1-aR0nCeeMefrjoVZiJFLQB2LKqqI="
    "resolved" "https://r.cnpmjs.org/parent-module/download/parent-module-1.0.1.tgz"
    "version" "1.0.1"
    dependencies:
      "callsites" "^3.0.0"
  
  "path-is-absolute@^1.0.0":
    "integrity" "sha1-F0uSaHNVNP+8es5r9TpanhtcX18="
    "resolved" "https://r.cnpmjs.org/path-is-absolute/download/path-is-absolute-1.0.1.tgz"
    "version" "1.0.1"
  
  "path-key@^3.1.0":
    "integrity" "sha1-WB9q3mWMu6ZaDTOA3ndTKVBU83U="
    "resolved" "https://r.cnpmjs.org/path-key/download/path-key-3.1.1.tgz"
    "version" "3.1.1"
  
  "path-parse@^1.0.6":
    "integrity" "sha1-+8EUtgykKzDZ2vWFjkvWi77bZzU="
    "resolved" "https://r.cnpmjs.org/path-parse/download/path-parse-1.0.7.tgz"
    "version" "1.0.7"
  
  "postcss@^8.2.10":
    "integrity" "sha1-sacT9hcspCfj8F7xMD3otlaDMl8="
    "resolved" "https://r.cnpmjs.org/postcss/download/postcss-8.3.0.tgz"
    "version" "8.3.0"
    dependencies:
      "colorette" "^1.2.2"
      "nanoid" "^3.1.23"
      "source-map-js" "^0.6.2"
  
  "prelude-ls@^1.2.1":
    "integrity" "sha1-3rxkidem5rDnYRiIzsiAM30xY5Y="
    "resolved" "https://r.cnpmjs.org/prelude-ls/download/prelude-ls-1.2.1.tgz"
    "version" "1.2.1"
  
  "prettier-linter-helpers@^1.0.0":
    "integrity" "sha1-0j1B/hN1ZG3i0BBNNFSjAIgCz3s="
    "resolved" "https://r.cnpmjs.org/prettier-linter-helpers/download/prettier-linter-helpers-1.0.0.tgz"
    "version" "1.0.0"
    dependencies:
      "fast-diff" "^1.1.2"
  
  "prettier@^2.3.0", "prettier@>=1.13.0":
    "integrity" "sha1-tqW/EoQCauZA8X9/9WWKdWf8DRg="
    "resolved" "https://r.cnpmjs.org/prettier/download/prettier-2.3.0.tgz"
    "version" "2.3.0"
  
  "progress@^2.0.0":
    "integrity" "sha1-foz42PW48jnBvGi+tOt4Vn1XLvg="
    "resolved" "https://r.cnpmjs.org/progress/download/progress-2.0.3.tgz"
    "version" "2.0.3"
  
  "prop-types@^15.7.2":
    "integrity" "sha1-UsQedbjIfnK52TYOAga5ncv/psU="
    "resolved" "https://r.cnpmjs.org/prop-types/download/prop-types-15.7.2.tgz"
    "version" "15.7.2"
    dependencies:
      "loose-envify" "^1.4.0"
      "object-assign" "^4.1.1"
      "react-is" "^16.8.1"
  
  "punycode@^2.1.0":
    "integrity" "sha1-tYsBCsQMIsVldhbI0sLALHv0eew="
    "resolved" "https://r.cnpmjs.org/punycode/download/punycode-2.1.1.tgz"
    "version" "2.1.1"
  
  "react-dom@^17.0.0":
    "integrity" "sha1-7P+2hF462Nv83EmPDQqTlzZQLCM="
    "resolved" "https://r.cnpmjs.org/react-dom/download/react-dom-17.0.2.tgz"
    "version" "17.0.2"
    dependencies:
      "loose-envify" "^1.1.0"
      "object-assign" "^4.1.1"
      "scheduler" "^0.20.2"
  
  "react-is@^16.8.1":
    "integrity" "sha1-eJcppNw23imZ3BVt1sHZwYzqVqQ="
    "resolved" "https://r.cnpmjs.org/react-is/download/react-is-16.13.1.tgz"
    "version" "16.13.1"
  
  "react-refresh@^0.9.0":
    "integrity" "sha1-cYYzN63D5cL4pr/d0Srjv+Mqr78="
    "resolved" "https://r.cnpmjs.org/react-refresh/download/react-refresh-0.9.0.tgz"
    "version" "0.9.0"
  
  "react@^17.0.0", "react@17.0.2":
    "integrity" "sha1-0LXMUW0p6z7uOD91tihkz7aAADc="
    "resolved" "https://r.cnpmjs.org/react/download/react-17.0.2.tgz"
    "version" "17.0.2"
    dependencies:
      "loose-envify" "^1.1.0"
      "object-assign" "^4.1.1"
  
  "regexp.prototype.flags@^1.3.1":
    "integrity" "sha1-fvNSro0VnnWMDq3Kb4/LTu8HviY="
    "resolved" "https://r.cnpmjs.org/regexp.prototype.flags/download/regexp.prototype.flags-1.3.1.tgz"
    "version" "1.3.1"
    dependencies:
      "call-bind" "^1.0.2"
      "define-properties" "^1.1.3"
  
  "regexpp@^3.1.0":
    "integrity" "sha1-IG0K0KVkjP+9uK5GQ489xRyfeOI="
    "resolved" "https://r.cnpmjs.org/regexpp/download/regexpp-3.1.0.tgz"
    "version" "3.1.0"
  
  "require-from-string@^2.0.2":
    "integrity" "sha1-iaf92TgmEmcxjq/hT5wy5ZjDaQk="
    "resolved" "https://r.cnpmjs.org/require-from-string/download/require-from-string-2.0.2.tgz"
    "version" "2.0.2"
  
  "resolve-from@^4.0.0":
    "integrity" "sha1-SrzYUq0y3Xuqv+m0DgCjbbXzkuY="
    "resolved" "https://r.cnpmjs.org/resolve-from/download/resolve-from-4.0.0.tgz"
    "version" "4.0.0"
  
  "resolve@^1.19.0":
    "integrity" "sha1-YpoBP7P3B1XW8LeTXMHCxTeLGXU="
    "resolved" "https://r.cnpmjs.org/resolve/download/resolve-1.20.0.tgz"
    "version" "1.20.0"
    dependencies:
      "is-core-module" "^2.2.0"
      "path-parse" "^1.0.6"
  
  "resolve@^2.0.0-next.3":
    "integrity" "sha1-1BAWKT1KhYajnKXZtfFcvqH1XkY="
    "resolved" "https://r.cnpmjs.org/resolve/download/resolve-2.0.0-next.3.tgz"
    "version" "2.0.0-next.3"
    dependencies:
      "is-core-module" "^2.2.0"
      "path-parse" "^1.0.6"
  
  "rimraf@^3.0.2":
    "integrity" "sha1-8aVAK6YiCtUswSgrrBrjqkn9Bho="
    "resolved" "https://r.cnpmjs.org/rimraf/download/rimraf-3.0.2.tgz"
    "version" "3.0.2"
    dependencies:
      "glob" "^7.1.3"
  
  "rollup@^2.38.5":
    "integrity" "sha1-JOIhHK+QMQgWVumKXl6U07XnhuI="
    "resolved" "https://r.cnpmjs.org/rollup/download/rollup-2.50.6.tgz"
    "version" "2.50.6"
    optionalDependencies:
      "fsevents" "~2.3.1"
  
  "safe-buffer@~5.1.1":
    "integrity" "sha1-mR7GnSluAxN0fVm9/St0XDX4go0="
    "resolved" "https://r.cnpmjs.org/safe-buffer/download/safe-buffer-5.1.2.tgz"
    "version" "5.1.2"
  
  "scheduler@^0.20.2":
    "integrity" "sha1-S67jlDbjSqk7SHS93L8P6Li1DpE="
    "resolved" "https://r.cnpmjs.org/scheduler/download/scheduler-0.20.2.tgz"
    "version" "0.20.2"
    dependencies:
      "loose-envify" "^1.1.0"
      "object-assign" "^4.1.1"
  
  "semver@^6.3.0":
    "integrity" "sha1-7gpkyK9ejO6mdoexM3YeG+y9HT0="
    "resolved" "https://r.cnpmjs.org/semver/download/semver-6.3.0.tgz"
    "version" "6.3.0"
  
  "semver@^7.2.1":
    "integrity" "sha1-C2Ich5NI2JmOSw5L6Us/EuYBjvc="
    "resolved" "https://r.cnpmjs.org/semver/download/semver-7.3.5.tgz"
    "version" "7.3.5"
    dependencies:
      "lru-cache" "^6.0.0"
  
  "shebang-command@^2.0.0":
    "integrity" "sha1-zNCvT4g1+9wmW4JGGq8MNmY/NOo="
    "resolved" "https://r.cnpmjs.org/shebang-command/download/shebang-command-2.0.0.tgz"
    "version" "2.0.0"
    dependencies:
      "shebang-regex" "^3.0.0"
  
  "shebang-regex@^3.0.0":
    "integrity" "sha1-rhbxZE2HPsrYQ7AwexQzYtTEIXI="
    "resolved" "https://r.cnpmjs.org/shebang-regex/download/shebang-regex-3.0.0.tgz"
    "version" "3.0.0"
  
  "side-channel@^1.0.4":
    "integrity" "sha1-785cj9wQTudRslxY1CkAEfpeos8="
    "resolved" "https://r.cnpmjs.org/side-channel/download/side-channel-1.0.4.tgz"
    "version" "1.0.4"
    dependencies:
      "call-bind" "^1.0.0"
      "get-intrinsic" "^1.0.2"
      "object-inspect" "^1.9.0"
  
  "slice-ansi@^4.0.0":
    "integrity" "sha1-UA6N0P1VsFgVCGJVsxla3ypF/ms="
    "resolved" "https://r.cnpmjs.org/slice-ansi/download/slice-ansi-4.0.0.tgz"
    "version" "4.0.0"
    dependencies:
      "ansi-styles" "^4.0.0"
      "astral-regex" "^2.0.0"
      "is-fullwidth-code-point" "^3.0.0"
  
  "source-map-js@^0.6.2":
    "integrity" "sha1-C7XeYxtBz72mz7qL0FqA79/SOF4="
    "resolved" "https://r.cnpmjs.org/source-map-js/download/source-map-js-0.6.2.tgz"
    "version" "0.6.2"
  
  "source-map@^0.5.0":
    "integrity" "sha1-igOdLRAh0i0eoUyA2OpGi6LvP8w="
    "resolved" "https://r.cnpmjs.org/source-map/download/source-map-0.5.7.tgz"
    "version" "0.5.7"
  
  "sprintf-js@~1.0.2":
    "integrity" "sha1-BOaSb2YolTVPPdAVIDYzuFcpfiw="
    "resolved" "https://r.cnpmjs.org/sprintf-js/download/sprintf-js-1.0.3.tgz"
    "version" "1.0.3"
  
  "string-width@^4.2.0":
    "integrity" "sha1-2v1PlVmnWFz7pSnGoKT3NIjr1MU="
    "resolved" "https://r.cnpmjs.org/string-width/download/string-width-4.2.2.tgz"
    "version" "4.2.2"
    dependencies:
      "emoji-regex" "^8.0.0"
      "is-fullwidth-code-point" "^3.0.0"
      "strip-ansi" "^6.0.0"
  
  "string.prototype.matchall@^4.0.5":
    "integrity" "sha1-WTcGROHbfkwMBFJ3aQz3sBIDxNo="
    "resolved" "https://r.cnpmjs.org/string.prototype.matchall/download/string.prototype.matchall-4.0.5.tgz"
    "version" "4.0.5"
    dependencies:
      "call-bind" "^1.0.2"
      "define-properties" "^1.1.3"
      "es-abstract" "^1.18.2"
      "get-intrinsic" "^1.1.1"
      "has-symbols" "^1.0.2"
      "internal-slot" "^1.0.3"
      "regexp.prototype.flags" "^1.3.1"
      "side-channel" "^1.0.4"
  
  "string.prototype.trimend@^1.0.4":
    "integrity" "sha1-51rpDClCxjUEaGwYsoe0oLGkX4A="
    "resolved" "https://r.cnpmjs.org/string.prototype.trimend/download/string.prototype.trimend-1.0.4.tgz"
    "version" "1.0.4"
    dependencies:
      "call-bind" "^1.0.2"
      "define-properties" "^1.1.3"
  
  "string.prototype.trimstart@^1.0.4":
    "integrity" "sha1-s2OZr0qymZtMnGSL16P7K7Jv7u0="
    "resolved" "https://r.cnpmjs.org/string.prototype.trimstart/download/string.prototype.trimstart-1.0.4.tgz"
    "version" "1.0.4"
    dependencies:
      "call-bind" "^1.0.2"
      "define-properties" "^1.1.3"
  
  "strip-ansi@^6.0.0":
    "integrity" "sha1-CxVx3XZpzNTz4G4U7x7tJiJa5TI="
    "resolved" "https://r.cnpmjs.org/strip-ansi/download/strip-ansi-6.0.0.tgz"
    "version" "6.0.0"
    dependencies:
      "ansi-regex" "^5.0.0"
  
  "strip-json-comments@^3.1.0", "strip-json-comments@^3.1.1":
    "integrity" "sha1-MfEoGzgyYwQ0gxwxDAHMzajL4AY="
    "resolved" "https://r.cnpmjs.org/strip-json-comments/download/strip-json-comments-3.1.1.tgz"
    "version" "3.1.1"
  
  "supports-color@^5.3.0":
    "integrity" "sha1-4uaaRKyHcveKHsCzW2id9lMO/I8="
    "resolved" "https://r.cnpmjs.org/supports-color/download/supports-color-5.5.0.tgz"
    "version" "5.5.0"
    dependencies:
      "has-flag" "^3.0.0"
  
  "supports-color@^7.1.0":
    "integrity" "sha1-G33NyzK4E4gBs+R4umpRyqiWSNo="
    "resolved" "https://r.cnpmjs.org/supports-color/download/supports-color-7.2.0.tgz"
    "version" "7.2.0"
    dependencies:
      "has-flag" "^4.0.0"
  
  "table@^6.0.9":
    "integrity" "sha1-7gVZK3FDgxqMlPPO5qrkwczvM+I="
    "resolved" "https://r.cnpmjs.org/table/download/table-6.7.1.tgz"
    "version" "6.7.1"
    dependencies:
      "ajv" "^8.0.1"
      "lodash.clonedeep" "^4.5.0"
      "lodash.truncate" "^4.4.2"
      "slice-ansi" "^4.0.0"
      "string-width" "^4.2.0"
      "strip-ansi" "^6.0.0"
  
  "text-table@^0.2.0":
    "integrity" "sha1-f17oI66AUgfACvLfSoTsP8+lcLQ="
    "resolved" "https://r.cnpmjs.org/text-table/download/text-table-0.2.0.tgz"
    "version" "0.2.0"
  
  "to-fast-properties@^2.0.0":
    "integrity" "sha1-3F5pjL0HkmW8c+A3doGk5Og/YW4="
    "resolved" "https://r.cnpmjs.org/to-fast-properties/download/to-fast-properties-2.0.0.tgz"
    "version" "2.0.0"
  
  "type-check@^0.4.0", "type-check@~0.4.0":
    "integrity" "sha1-B7ggO/pwVsBlcFDjzNLDdzC6uPE="
    "resolved" "https://r.cnpmjs.org/type-check/download/type-check-0.4.0.tgz"
    "version" "0.4.0"
    dependencies:
      "prelude-ls" "^1.2.1"
  
  "type-fest@^0.20.2":
    "integrity" "sha1-G/IH9LKPkVg2ZstfvTJ4hzAc1fQ="
    "resolved" "https://r.cnpmjs.org/type-fest/download/type-fest-0.20.2.tgz"
    "version" "0.20.2"
  
  "type-fest@^0.8.1":
    "integrity" "sha1-CeJJ696FHTseSNJ8EFREZn8XuD0="
    "resolved" "https://r.cnpmjs.org/type-fest/download/type-fest-0.8.1.tgz"
    "version" "0.8.1"
  
  "unbox-primitive@^1.0.1":
    "integrity" "sha1-CF4hViXsMWJXTciFmr7nilmxRHE="
    "resolved" "https://r.cnpmjs.org/unbox-primitive/download/unbox-primitive-1.0.1.tgz"
    "version" "1.0.1"
    dependencies:
      "function-bind" "^1.1.1"
      "has-bigints" "^1.0.1"
      "has-symbols" "^1.0.2"
      "which-boxed-primitive" "^1.0.2"
  
  "uri-js@^4.2.2":
    "integrity" "sha1-mxpSWVIlhZ5V9mnZKPiMbFfyp34="
    "resolved" "https://r.cnpmjs.org/uri-js/download/uri-js-4.4.1.tgz"
    "version" "4.4.1"
    dependencies:
      "punycode" "^2.1.0"
  
  "v8-compile-cache@^2.0.3":
    "integrity" "sha1-LeGWGMZtwkfc+2+ZM4A12CRaLO4="
    "resolved" "https://r.cnpmjs.org/v8-compile-cache/download/v8-compile-cache-2.3.0.tgz"
    "version" "2.3.0"
  
  "vite@^2.3.5":
    "integrity" "sha1-H3z96IpRqALWkADHushdSBwuhxw="
    "resolved" "https://r.cnpmjs.org/vite/download/vite-2.3.6.tgz"
    "version" "2.3.6"
    dependencies:
      "esbuild" "^0.12.5"
      "postcss" "^8.2.10"
      "resolve" "^1.19.0"
      "rollup" "^2.38.5"
    optionalDependencies:
      "fsevents" "~2.3.1"
  
  "which-boxed-primitive@^1.0.2":
    "integrity" "sha1-E3V7yJsgmwSf5dhkMOIc9AqJqOY="
    "resolved" "https://r.cnpmjs.org/which-boxed-primitive/download/which-boxed-primitive-1.0.2.tgz"
    "version" "1.0.2"
    dependencies:
      "is-bigint" "^1.0.1"
      "is-boolean-object" "^1.1.0"
      "is-number-object" "^1.0.4"
      "is-string" "^1.0.5"
      "is-symbol" "^1.0.3"
  
  "which@^2.0.1":
    "integrity" "sha1-fGqN0KY2oDJ+ELWckobu6T8/UbE="
    "resolved" "https://r.cnpmjs.org/which/download/which-2.0.2.tgz"
    "version" "2.0.2"
    dependencies:
      "isexe" "^2.0.0"
  
  "word-wrap@^1.2.3":
    "integrity" "sha1-YQY29rH3A4kb00dxzLF/uTtHB5w="
    "resolved" "https://r.cnpmjs.org/word-wrap/download/word-wrap-1.2.3.tgz"
    "version" "1.2.3"
  
  "wrappy@1":
    "integrity" "sha1-tSQ9jz7BqjXxNkYFvA0QNuMKtp8="
    "resolved" "https://r.cnpmjs.org/wrappy/download/wrappy-1.0.2.tgz"
    "version" "1.0.2"
  
  "yallist@^4.0.0":
    "integrity" "sha1-m7knkNnA7/7GO+c1GeEaNQGaOnI="
    "resolved" "https://r.cnpmjs.org/yallist/download/yallist-4.0.0.tgz"
    "version" "4.0.0"
